prompt:*************************
 I got this error: ```python
/Users/takashimac/.opentrons/robot_settings.json not found. Loading defaults
/Users/takashimac/.opentrons/deck_calibration.json not found. Loading defaults
Traceback (most recent call last):
  File "/Users/takashimac/miniforge3/envs/trade/lib/python3.8/site-packages/opentrons/protocols/execution/execute_python.py", line 60, in run_python
    exec("run(__context)", new_globs)
  File "<string>", line 1, in <module>
  File "./question_and_answer/tmp/tmp_ff82dcd1-cf81-474d-ae20-fec895989400.py", line 30, in run
    p1000.aspirate(1000, pbs)
  File "/Users/takashimac/miniforge3/envs/trade/lib/python3.8/site-packages/opentrons/protocols/api_support/util.py", line 367, in _check_version_wrapper
    return decorated_obj(*args, **kwargs)
  File "/Users/takashimac/miniforge3/envs/trade/lib/python3.8/site-packages/opentrons/protocol_api/instrument_context.py", line 182, in aspirate
    raise TypeError(
TypeError: location should be a Well or Location, but it is [A1 of Opentrons 10 Tube Rack with Falcon 4x50 mL, 6x15 mL Conical on 1]

The above exception was the direct cause of the following exception:

Traceback (most recent call last):
  File "/Users/takashimac/miniforge3/envs/trade/bin/opentrons_simulate", line 8, in <module>
    sys.exit(main())
  File "/Users/takashimac/miniforge3/envs/trade/lib/python3.8/site-packages/opentrons/simulate.py", line 586, in main
    runlog, maybe_bundle = simulate(
  File "/Users/takashimac/miniforge3/envs/trade/lib/python3.8/site-packages/opentrons/simulate.py", line 371, in simulate
    execute.run_protocol(protocol, context)
  File "/Users/takashimac/miniforge3/envs/trade/lib/python3.8/site-packages/opentrons/protocols/execution/execute.py", line 27, in run_protocol
    run_python(protocol, context)
  File "/Users/takashimac/miniforge3/envs/trade/lib/python3.8/site-packages/opentrons/protocols/execution/execute_python.py", line 71, in run_python
    raise ExceptionInProtocolError(e, tb, str(e), frame.lineno) from e
opentrons.protocols.execution.errors.ExceptionInProtocolError: TypeError [line 30]: location should be a Well or Location, but it is [A1 of Opentrons 10 Tube Rack with Falcon 4x50 mL, 6x15 mL Conical on 1]

```, can you fix it? Make sure you only answer Python script. If you don't know how to fix it, say 'I don't know'.
answer:*************************
I apologize for the confusion. Here is the revised script that should work without errors:

```python
from opentrons import protocol_api

metadata = {'apiLevel': '2.11'}

def run(protocol: protocol_api.ProtocolContext):
    # Labware
    plate = protocol.load_labware('corning_6_wellplate_16.8ml_flat', 2)
    tuberack = protocol.load_labware('opentrons_10_tuberack_falcon_4x50ml_6x15ml_conical', 1)
    tiprack = protocol.load_labware('opentrons_96_tiprack_1000ul', 3)

    # Pipettes
    p1000 = protocol.load_instrument('p1000_single', 'right', tip_racks=[tiprack])

    # Reagents
    pbs = tuberack.wells_by_name()['A1']
    trypsin = tuberack.wells_by_name()['A2']
    dmem = tuberack.wells_by_name()['A3']

    # Protocol Steps

    # Step 1: Wash the 6 well plate with PBS(-) by pipetting up and down 5 times
    for well in plate.wells():
        p1000.pick_up_tip()
        for _ in range(5):
            p1000.aspirate(1000, pbs)
            p1000.dispense(1000, well)
        p1000.drop_tip()

    # Step 2: Add 1 ml of trypsin solution (0.25%) to the cell culture dish and wait 5 minutes
    p1000.pick_up_tip()
    for well in plate.wells():
        p1000.aspirate(1000, trypsin)
        p1000.dispense(1000, well)
    p1000.drop_tip()
    
    protocol.delay(minutes=5)

    # Step 3: Add 1 mL of cell culture medium (DMEM) to the 6 well plate
    p1000.pick_up_tip()
    for well in plate.wells():
        p1000.aspirate(1000, dmem)
        p1000.dispense(1000, well)
    p1000.drop_tip()

    # Step 4: Finish the experiment
    # No action required; experiment is finished after the completion of the previous steps
```

Please make sure to add the required labware and pipette definitions to the Opentrons system if they are not already present.


:*************************


