prompt:*************************
 I got this error: ```python
/Users/takashimac/.opentrons/robot_settings.json not found. Loading defaults
/Users/takashimac/.opentrons/deck_calibration.json not found. Loading defaults
Traceback (most recent call last):
  File "/Users/takashimac/miniforge3/envs/trade/lib/python3.8/site-packages/opentrons/protocols/execution/execute_python.py", line 60, in run_python
    exec("run(__context)", new_globs)
  File "<string>", line 1, in <module>
  File "./question_and_answer/tmp/tmp_587f53fa-7237-490e-9f3f-07715ad9a226.py", line 12, in run
    well_plate = protocol.load_labware('corning_6_wellplate_16_8ml_flat', 3)
  File "/Users/takashimac/miniforge3/envs/trade/lib/python3.8/site-packages/opentrons/protocols/api_support/util.py", line 367, in _check_version_wrapper
    return decorated_obj(*args, **kwargs)
  File "/Users/takashimac/miniforge3/envs/trade/lib/python3.8/site-packages/opentrons/protocol_api/protocol_context.py", line 304, in load_labware
    labware_core = self._implementation.load_labware(
  File "/Users/takashimac/miniforge3/envs/trade/lib/python3.8/site-packages/opentrons/protocol_api/core/protocol_api/protocol_context.py", line 160, in load_labware
    labware_def = labware_definition.get_labware_definition(
  File "/Users/takashimac/miniforge3/envs/trade/lib/python3.8/site-packages/opentrons/protocols/labware.py", line 63, in get_labware_definition
    return _get_standard_labware_definition(load_name, namespace, version)
  File "/Users/takashimac/miniforge3/envs/trade/lib/python3.8/site-packages/opentrons/protocols/labware.py", line 232, in _get_standard_labware_definition
    raise FileNotFoundError(
FileNotFoundError: Unable to find a labware
        definition for "corning_6_wellplate_16_8ml_flat",
        version 1, in the opentrons namespace.
        Please confirm your protocol includes the correct
        labware spelling and (optionally) the correct version
        number and namespace.

        If you are referencing a custom labware in your
        protocol, you must add it to your Custom Labware
        Definitions Folder from the Opentrons App before
        uploading your protocol.
        

The above exception was the direct cause of the following exception:

Traceback (most recent call last):
  File "/Users/takashimac/miniforge3/envs/trade/bin/opentrons_simulate", line 8, in <module>
    sys.exit(main())
  File "/Users/takashimac/miniforge3/envs/trade/lib/python3.8/site-packages/opentrons/simulate.py", line 586, in main
    runlog, maybe_bundle = simulate(
  File "/Users/takashimac/miniforge3/envs/trade/lib/python3.8/site-packages/opentrons/simulate.py", line 371, in simulate
    execute.run_protocol(protocol, context)
  File "/Users/takashimac/miniforge3/envs/trade/lib/python3.8/site-packages/opentrons/protocols/execution/execute.py", line 27, in run_protocol
    run_python(protocol, context)
  File "/Users/takashimac/miniforge3/envs/trade/lib/python3.8/site-packages/opentrons/protocols/execution/execute_python.py", line 71, in run_python
    raise ExceptionInProtocolError(e, tb, str(e), frame.lineno) from e
opentrons.protocols.execution.errors.ExceptionInProtocolError: FileNotFoundError [line 12]: Unable to find a labware
        definition for "corning_6_wellplate_16_8ml_flat",
        version 1, in the opentrons namespace.
        Please confirm your protocol includes the correct
        labware spelling and (optionally) the correct version
        number and namespace.

        If you are referencing a custom labware in your
        protocol, you must add it to your Custom Labware
        Definitions Folder from the Opentrons App before
        uploading your protocol.
        

```, can you fix it? Make sure you only answer Python script. If you don't know how to fix it, say 'I don't know'.
answer:*************************
It seems like the labware "corning_6_wellplate_16_8ml_flat" is not found in the Opentrons namespace. You can try using "corning_6_wellplate_16.8ml_flat" instead. Here is the corrected script:

```python
from opentrons import protocol_api

metadata = {'apiLevel': '2.10'}

def run(protocol: protocol_api.ProtocolContext):
    # Labware
    tiprack = protocol.load_labware('opentrons_96_tiprack_1000ul', 1)
    reagent_rack = protocol.load_labware('opentrons_10_tuberack_falcon_4x50ml_6x15ml_conical', 2)
    well_plate = protocol.load_labware('corning_6_wellplate_16.8ml_flat', 3)
    
    # Pipette
    p1000 = protocol.load_instrument('p1000_single', 'right', tip_racks=[tiprack])

    # Reagents
    PBS = reagent_rack.wells_by_name()['A1']
    trypsin = reagent_rack.wells_by_name()['A2']
    DMEM = reagent_rack.wells_by_name()['A3']

    # Step 1: Wash with PBS(-)
    for well in well_plate.wells():
        p1000.pick_up_tip()
        p1000.transfer(1000, PBS, well, mix_after=(5, 1000), new_tip='never')
        p1000.drop_tip()

    # Step 2: Add trypsin
    for well in well_plate.wells():
        p1000.pick_up_tip()
        p1000.transfer(1000, trypsin, well, new_tip='never')
        p1000.drop_tip()
    
    protocol.delay(minutes=5)

    # Step 3: Add DMEM
    for well in well_plate.wells():
        p1000.pick_up_tip()
        p1000.transfer(1000, DMEM, well, new_tip='never')
        p1000.drop_tip()

    # Step 4: Finish the experiment
    protocol.comment("Experiment finished.")
```



:*************************


